<?xml version="1.0" encoding="UTF-8"?>
<testsuite name="RunCukesTest" tests="0" skipped="0" failures="0" errors="0" timestamp="1970-01-01T00:00:00" hostname="jov-HP-Z220-CMT-Workstation" time="0.0">
  <properties/>
  <system-out><![CDATA[@LOGIN
Feature: Login for twitter

  Scenario: Login to twitter                                        ?[90m# features/login.feature:4?[0m
    ?[32mGiven ?[0m?[32mI do a rest ?[0m?[32m?[1mget?[0m?[32m ?[0m?[32m?[1mfrom?[0m?[32m "?[0m?[32m?[1msearch/tweets.json?q=%40twitterapi?[0m?[32m"?[0m ?[90m# Restdefs.I_do_a_rest_get_from(String,String,String)?[0m
    ?[31mAnd ?[0m?[31mthe rest response code is "?[0m?[31m?[1m400?[0m?[31m"?[0m                             ?[90m# Restdefs.rest_response_assert(String)?[0m
      ?[31morg.junit.ComparisonFailure: expected:<["400"]> but was:<[400]>
      	at sun.reflect.NativeConstructorAccessorImpl.newInstance0(Native Method)
      	at sun.reflect.NativeConstructorAccessorImpl.newInstance(NativeConstructorAccessorImpl.java:62)
      	at sun.reflect.DelegatingConstructorAccessorImpl.newInstance(DelegatingConstructorAccessorImpl.java:45)
      	at Restdefs.rest_response_assert(Restdefs.java:63)
      	at ✽.And the rest response code is "400"(features/login.feature:6)
      ?[0m

?[31mFailed scenarios:?[0m
?[31mfeatures/login.feature:4 ?[0m# Scenario: Login to twitter

1 Scenarios (?[31m1 failed?[0m)
2 Steps (?[31m1 failed?[0m, ?[32m1 passed?[0m)
0m0.680s

org.junit.ComparisonFailure: expected:<["400"]> but was:<[400]>
	at sun.reflect.NativeConstructorAccessorImpl.newInstance0(Native Method)
	at sun.reflect.NativeConstructorAccessorImpl.newInstance(NativeConstructorAccessorImpl.java:62)
	at sun.reflect.DelegatingConstructorAccessorImpl.newInstance(DelegatingConstructorAccessorImpl.java:45)
	at Restdefs.rest_response_assert(Restdefs.java:63)
	at ✽.And the rest response code is "400"(features/login.feature:6)

]]></system-out>
  <system-err><![CDATA[]]></system-err>
</testsuite>
