<?xml version="1.0" encoding="UTF-8"?>
<testsuite name="Scenario: Login to twitter" tests="3" skipped="0" failures="2" errors="0" timestamp="2015-10-06T12:42:19" hostname="jov-HP-Z220-CMT-Workstation" time="0.054">
  <properties/>
  <testcase name="Given I do a rest get from &quot;search/tweets.json?q=%40twitterapi&quot;" classname="Scenario: Login to twitter" time="0.001"/>
  <testcase name="And the rest response code is &quot;400&quot;" classname="Scenario: Login to twitter" time="0.0">
    <failure message="org.junit.ComparisonFailure: expected:&lt;[&quot;400&quot;]&gt; but was:&lt;[400]&gt;" type="org.junit.ComparisonFailure">org.junit.ComparisonFailure: expected:&lt;[&quot;400&quot;]&gt; but was:&lt;[400]&gt;
	at sun.reflect.NativeConstructorAccessorImpl.newInstance0(Native Method)
	at sun.reflect.NativeConstructorAccessorImpl.newInstance(NativeConstructorAccessorImpl.java:62)
	at sun.reflect.DelegatingConstructorAccessorImpl.newInstance(DelegatingConstructorAccessorImpl.java:45)
	at Restdefs.rest_response_assert(Restdefs.java:63)
	at ✽.And the rest response code is &quot;400&quot;(features/login.feature:6)
</failure>
  </testcase>
  <testcase name="classMethod" classname="Scenario: Login to twitter" time="0.691">
    <failure message="org.junit.ComparisonFailure: expected:&lt;[&quot;400&quot;]&gt; but was:&lt;[400]&gt;" type="org.junit.ComparisonFailure">org.junit.ComparisonFailure: expected:&lt;[&quot;400&quot;]&gt; but was:&lt;[400]&gt;
	at sun.reflect.NativeConstructorAccessorImpl.newInstance0(Native Method)
	at sun.reflect.NativeConstructorAccessorImpl.newInstance(NativeConstructorAccessorImpl.java:62)
	at sun.reflect.DelegatingConstructorAccessorImpl.newInstance(DelegatingConstructorAccessorImpl.java:45)
	at Restdefs.rest_response_assert(Restdefs.java:63)
	at ✽.And the rest response code is &quot;400&quot;(features/login.feature:6)
</failure>
  </testcase>
  <system-out><![CDATA[]]></system-out>
  <system-err><![CDATA[]]></system-err>
</testsuite>
